{
  message: 'database connect successfully',
  level: 'info',
  label: 'PH',
  timestamp: '2023-06-19T12:26:27.060Z'
}
{
  message: 'server is running on port 5000',
  level: 'info',
  label: 'PH',
  timestamp: '2023-06-19T12:26:27.076Z'
}
{
  message: 'database connect successfully',
  level: 'info',
  label: 'PH',
  timestamp: '2023-06-19T12:26:54.163Z'
}
{
  message: 'server is running on port 5000',
  level: 'info',
  label: 'PH',
  timestamp: '2023-06-19T12:26:54.174Z'
}
{
  message: 'database connect successfully',
  level: 'info',
  label: 'PH',
  timestamp: '2023-06-19T12:27:59.179Z'
}
{
  message: 'server is running on port 5000',
  level: 'info',
  label: 'PH',
  timestamp: '2023-06-19T12:27:59.204Z'
}
{
  message: 'database connect successfully',
  level: 'info',
  label: 'PH',
  timestamp: '2023-06-19T12:28:17.302Z'
}
{
  message: 'server is running on port 5000',
  level: 'info',
  label: 'PH',
  timestamp: '2023-06-19T12:28:17.315Z'
}
{
  message: 'database connect successfully',
  level: 'info',
  label: 'PH',
  timestamp: '2023-06-19T12:29:23.836Z'
}
{
  message: 'server is running on port 5000',
  level: 'info',
  label: 'PH',
  timestamp: '2023-06-19T12:29:23.850Z'
}
{
  message: 'database connect successfully',
  level: 'info',
  label: 'PH',
  timestamp: '2023-06-19T12:31:17.117Z'
}
{
  message: 'server is running on port 5000',
  level: 'info',
  label: 'PH',
  timestamp: '2023-06-19T12:31:17.146Z'
}
{
  message: 'database connect successfully',
  level: 'info',
  label: 'PH',
  timestamp: '2023-06-19T12:33:11.441Z'
}
{
  message: 'server is running on port 5000',
  level: 'info',
  label: 'PH',
  timestamp: '2023-06-19T12:33:11.450Z'
}
{
  message: 'database connect successfully',
  level: 'info',
  label: 'PH',
  timestamp: '2023-06-19T12:33:40.167Z'
}
{
  message: 'server is running on port 5000',
  level: 'info',
  label: 'PH',
  timestamp: '2023-06-19T12:33:40.182Z'
}
{
  message: 'database connect successfully',
  level: 'info',
  label: 'PH',
  timestamp: '2023-06-19T12:34:49.583Z'
}
{
  message: 'server is running on port 5000',
  level: 'info',
  label: 'PH',
  timestamp: '2023-06-19T12:34:49.593Z'
}
